#
# There is insufficient memory for the Java Runtime Environment to continue.
# Native memory allocation (malloc) failed to allocate 875696 bytes for Chunk::new
# Possible reasons:
#   The system is out of physical RAM or swap space
#   The process is running with CompressedOops enabled, and the Java Heap may be blocking the growth of the native heap
# Possible solutions:
#   Reduce memory load on the system
#   Increase physical memory or swap space
#   Check if swap backing store is full
#   Decrease Java heap size (-Xmx/-Xms)
#   Decrease number of Java threads
#   Decrease Java thread stack sizes (-Xss)
#   Set larger code cache with -XX:ReservedCodeCacheSize=
#   JVM is running with Unscaled Compressed Oops mode in which the Java heap is
#     placed in the first 4GB address space. The Java Heap base address is the
#     maximum limit for the native heap growth. Please use -XX:HeapBaseMinAddress
#     to set the Java Heap base and to place the Java Heap above 4GB virtual address.
# This output file may be truncated or incomplete.
#
#  Out of Memory Error (allocation.cpp:389), pid=11260, tid=0x00000000000029d4
#
# JRE version: Java(TM) SE Runtime Environment (8.0_221-b11) (build 1.8.0_221-b11)
# Java VM: Java HotSpot(TM) 64-Bit Server VM (25.221-b11 mixed mode windows-amd64 compressed oops)
# Failed to write core dump. Minidumps are not enabled by default on client versions of Windows
#

---------------  T H R E A D  ---------------

Current thread (0x0000000019b34800):  JavaThread "C2 CompilerThread0" daemon [_thread_in_native, id=10708, stack(0x000000001a400000,0x000000001a500000)]

Stack: [0x000000001a400000,0x000000001a500000]
[error occurred during error reporting (printing stack bounds), id 0xc0000005]

Native frames: (J=compiled Java code, j=interpreted, Vv=VM code, C=native code)


Current CompileTask:
C2:   4015  713       4       com.telerik.metadata.Builder::getOrCreateNode (457 bytes)


---------------  P R O C E S S  ---------------

Java Threads: ( => current thread )
  0x0000000019c10000 JavaThread "Service Thread" daemon [_thread_blocked, id=7068, stack(0x000000001a800000,0x000000001a900000)]
  0x0000000019b3d800 JavaThread "C1 CompilerThread3" daemon [_thread_blocked, id=8512, stack(0x000000001a700000,0x000000001a800000)]
  0x0000000019b3c800 JavaThread "C2 CompilerThread2" daemon [_thread_in_native, id=9544, stack(0x000000001a600000,0x000000001a700000)]
  0x0000000019b37800 JavaThread "C2 CompilerThread1" daemon [_thread_in_native, id=14012, stack(0x000000001a500000,0x000000001a600000)]
=>0x0000000019b34800 JavaThread "C2 CompilerThread0" daemon [_thread_in_native, id=10708, stack(0x000000001a400000,0x000000001a500000)]
  0x0000000019b33800 JavaThread "Attach Listener" daemon [_thread_blocked, id=260, stack(0x000000001a300000,0x000000001a400000)]
  0x0000000019b33000 JavaThread "Signal Dispatcher" daemon [_thread_blocked, id=11276, stack(0x000000001a200000,0x000000001a300000)]
  0x0000000017d13000 JavaThread "Finalizer" daemon [_thread_blocked, id=13332, stack(0x000000001a000000,0x000000001a100000)]
  0x0000000002d79800 JavaThread "Reference Handler" daemon [_thread_blocked, id=11352, stack(0x0000000019f00000,0x000000001a000000)]
  0x0000000002c82800 JavaThread "main" [_thread_in_Java, id=7984, stack(0x0000000002af0000,0x0000000002bf0000)]

Other Threads:
  0x0000000017d09000 VMThread [stack: 0x0000000019a00000,0x0000000019b00000] [id=6844]
  0x0000000019c30000 WatcherThread [stack: 0x000000001a900000,0x000000001aa00000] [id=3076]

VM state:not at safepoint (normal execution)

VM Mutex/Monitor currently owned by a thread: None

heap address: 0x0000000081a00000, size: 2022 MB, Compressed Oops mode: 32-bit
Narrow klass base: 0x0000000000000000, Narrow klass shift: 3
Compressed class space size: 1073741824 Address: 0x0000000100000000

Heap:
 PSYoungGen      total 90112K, used 42452K [0x00000000d5e00000, 0x00000000e1900000, 0x0000000100000000)
  eden space 84992K, 43% used [0x00000000d5e00000,0x00000000d8275518,0x00000000db100000)
  from space 5120K, 99% used [0x00000000de000000,0x00000000de4ffd88,0x00000000de500000)
  to   space 53248K, 0% used [0x00000000de500000,0x00000000de500000,0x00000000e1900000)
 ParOldGen       total 171520K, used 112973K [0x0000000081a00000, 0x000000008c180000, 0x00000000d5e00000)
  object space 171520K, 65% used [0x0000000081a00000,0x0000000088853428,0x000000008c180000)
 Metaspace       used 4009K, capacity 5296K, committed 5376K, reserved 1056768K
  class space    used 408K, capacity 488K, committed 512K, reserved 1048576K

Card table byte_map: [0x0000000012140000,0x0000000012540000] byte_map_base: 0x0000000011d33000

Marking Bits: (ParMarkBitMap*) 0x0000000059605ce0
 Begin Bits: [0x0000000012ff0000, 0x0000000014f88000)
 End Bits:   [0x0000000014f88000, 0x0000000016f20000)

Polling page: 0x0000000001160000

CodeCache: size=245760Kb used=4014Kb max_used=4014Kb free=241745Kb
 bounds [0x0000000002d80000, 0x0000000003180000, 0x0000000011d80000]
 total_blobs=1027 nmethods=773 adapters=167
 compilation: enabled

Compilation events (10 events):
Event: 2.707 Thread 0x0000000019b37800 nmethod 768 0x000000000313a190 code [0x000000000313a300, 0x000000000313a7d8]
Event: 2.707 Thread 0x0000000019b37800  747       4       com.telerik.metadata.ClassRepo::findClass (56 bytes)
Event: 2.718 Thread 0x0000000019b37800 nmethod 747 0x0000000003155e50 code [0x0000000003155fc0, 0x00000000031567b8]
Event: 2.718 Thread 0x0000000019b37800  786       4       com.telerik.metadata.Builder::getMethodSignature (132 bytes)
Event: 2.748 Thread 0x0000000019b3d800  790       2       java.util.TimSort::mergeLo (659 bytes)
Event: 2.750 Thread 0x0000000019b3d800 nmethod 790 0x0000000003153750 code [0x00000000031539e0, 0x00000000031550b8]
Event: 2.750 Thread 0x0000000019b3d800  791       2       java.util.TimSort::mergeAt (358 bytes)
Event: 2.750 Thread 0x0000000019b3d800 nmethod 791 0x000000000313bbd0 code [0x000000000313bd80, 0x000000000313c198]
Event: 3.109 Thread 0x0000000019b3d800  794       2       java.util.TimSort::ensureCapacity (107 bytes)
Event: 3.110 Thread 0x0000000019b3d800 nmethod 794 0x0000000003138650 code [0x00000000031387c0, 0x0000000003138a38]

GC Heap History (10 events):
Event: 1.092 GC heap before
{Heap before GC invocations=3 (full 0):
 PSYoungGen      total 71680K, used 71664K [0x00000000d5e00000, 0x00000000da900000, 0x0000000100000000)
  eden space 66560K, 100% used [0x00000000d5e00000,0x00000000d9f00000,0x00000000d9f00000)
  from space 5120K, 99% used [0x00000000da400000,0x00000000da8fc010,0x00000000da900000)
  to   space 5120K, 0% used [0x00000000d9f00000,0x00000000d9f00000,0x00000000da400000)
 ParOldGen       total 87552K, used 29531K [0x0000000081a00000, 0x0000000086f80000, 0x00000000d5e00000)
  object space 87552K, 33% used [0x0000000081a00000,0x00000000836d6c70,0x0000000086f80000)
 Metaspace       used 3717K, capacity 5136K, committed 5376K, reserved 1056768K
  class space    used 386K, capacity 456K, committed 512K, reserved 1048576K
Event: 1.116 GC heap after
Heap after GC invocations=3 (full 0):
 PSYoungGen      total 71680K, used 5104K [0x00000000d5e00000, 0x00000000dea00000, 0x0000000100000000)
  eden space 66560K, 0% used [0x00000000d5e00000,0x00000000d5e00000,0x00000000d9f00000)
  from space 5120K, 99% used [0x00000000d9f00000,0x00000000da3fc010,0x00000000da400000)
  to   space 5120K, 0% used [0x00000000de500000,0x00000000de500000,0x00000000dea00000)
 ParOldGen       total 87552K, used 66051K [0x0000000081a00000, 0x0000000086f80000, 0x00000000d5e00000)
  object space 87552K, 75% used [0x0000000081a00000,0x0000000085a80da8,0x0000000086f80000)
 Metaspace       used 3717K, capacity 5136K, committed 5376K, reserved 1056768K
  class space    used 386K, capacity 456K, committed 512K, reserved 1048576K
}
Event: 1.116 GC heap before
{Heap before GC invocations=4 (full 1):
 PSYoungGen      total 71680K, used 5104K [0x00000000d5e00000, 0x00000000dea00000, 0x0000000100000000)
  eden space 66560K, 0% used [0x00000000d5e00000,0x00000000d5e00000,0x00000000d9f00000)
  from space 5120K, 99% used [0x00000000d9f00000,0x00000000da3fc010,0x00000000da400000)
  to   space 5120K, 0% used [0x00000000de500000,0x00000000de500000,0x00000000dea00000)
 ParOldGen       total 87552K, used 66051K [0x0000000081a00000, 0x0000000086f80000, 0x00000000d5e00000)
  object space 87552K, 75% used [0x0000000081a00000,0x0000000085a80da8,0x0000000086f80000)
 Metaspace       used 3717K, capacity 5136K, committed 5376K, reserved 1056768K
  class space    used 386K, capacity 456K, committed 512K, reserved 1048576K
Event: 1.641 GC heap after
Heap after GC invocations=4 (full 1):
 PSYoungGen      total 71680K, used 0K [0x00000000d5e00000, 0x00000000dea00000, 0x0000000100000000)
  eden space 66560K, 0% used [0x00000000d5e00000,0x00000000d5e00000,0x00000000d9f00000)
  from space 5120K, 0% used [0x00000000d9f00000,0x00000000d9f00000,0x00000000da400000)
  to   space 5120K, 0% used [0x00000000de500000,0x00000000de500000,0x00000000dea00000)
 ParOldGen       total 171520K, used 70231K [0x0000000081a00000, 0x000000008c180000, 0x00000000d5e00000)
  object space 171520K, 40% used [0x0000000081a00000,0x0000000085e95e30,0x000000008c180000)
 Metaspace       used 3717K, capacity 5136K, committed 5376K, reserved 1056768K
  class space    used 386K, capacity 456K, committed 512K, reserved 1048576K
}
Event: 2.042 GC heap before
{Heap before GC invocations=5 (full 1):
 PSYoungGen      total 71680K, used 66560K [0x00000000d5e00000, 0x00000000dea00000, 0x0000000100000000)
  eden space 66560K, 100% used [0x00000000d5e00000,0x00000000d9f00000,0x00000000d9f00000)
  from space 5120K, 0% used [0x00000000d9f00000,0x00000000d9f00000,0x00000000da400000)
  to   space 5120K, 0% used [0x00000000de500000,0x00000000de500000,0x00000000dea00000)
 ParOldGen       total 171520K, used 70231K [0x0000000081a00000, 0x000000008c180000, 0x00000000d5e00000)
  object space 171520K, 40% used [0x0000000081a00000,0x0000000085e95e30,0x000000008c180000)
 Metaspace       used 3920K, capacity 5232K, committed 5376K, reserved 1056768K
  class space    used 408K, capacity 488K, committed 512K, reserved 1048576K
Event: 2.064 GC heap after
Heap after GC invocations=5 (full 1):
 PSYoungGen      total 80896K, used 5119K [0x00000000d5e00000, 0x00000000dea00000, 0x0000000100000000)
  eden space 75776K, 0% used [0x00000000d5e00000,0x00000000d5e00000,0x00000000da800000)
  from space 5120K, 99% used [0x00000000de500000,0x00000000de9ffd88,0x00000000dea00000)
  to   space 5120K, 0% used [0x00000000de000000,0x00000000de000000,0x00000000de500000)
 ParOldGen       total 171520K, used 105049K [0x0000000081a00000, 0x000000008c180000, 0x00000000d5e00000)
  object space 171520K, 61% used [0x0000000081a00000,0x0000000088096668,0x000000008c180000)
 Metaspace       used 3920K, capacity 5232K, committed 5376K, reserved 1056768K
  class space    used 408K, capacity 488K, committed 512K, reserved 1048576K
}
Event: 2.476 GC heap before
{Heap before GC invocations=6 (full 1):
 PSYoungGen      total 80896K, used 80895K [0x00000000d5e00000, 0x00000000dea00000, 0x0000000100000000)
  eden space 75776K, 100% used [0x00000000d5e00000,0x00000000da800000,0x00000000da800000)
  from space 5120K, 99% used [0x00000000de500000,0x00000000de9ffd88,0x00000000dea00000)
  to   space 5120K, 0% used [0x00000000de000000,0x00000000de000000,0x00000000de500000)
 ParOldGen       total 171520K, used 105049K [0x0000000081a00000, 0x000000008c180000, 0x00000000d5e00000)
  object space 171520K, 61% used [0x0000000081a00000,0x0000000088096668,0x000000008c180000)
 Metaspace       used 3998K, capacity 5296K, committed 5376K, reserved 1056768K
  class space    used 408K, capacity 488K, committed 512K, reserved 1048576K
Event: 2.485 GC heap after
Heap after GC invocations=6 (full 1):
 PSYoungGen      total 90112K, used 5119K [0x00000000d5e00000, 0x00000000e1900000, 0x0000000100000000)
  eden space 84992K, 0% used [0x00000000d5e00000,0x00000000d5e00000,0x00000000db100000)
  from space 5120K, 99% used [0x00000000de000000,0x00000000de4ffd88,0x00000000de500000)
  to   space 53248K, 0% used [0x00000000de500000,0x00000000de500000,0x00000000e1900000)
 ParOldGen       total 171520K, used 107456K [0x0000000081a00000, 0x000000008c180000, 0x00000000d5e00000)
  object space 171520K, 62% used [0x0000000081a00000,0x00000000882f0368,0x000000008c180000)
 Metaspace       used 3998K, capacity 5296K, committed 5376K, reserved 1056768K
  class space    used 408K, capacity 488K, committed 512K, reserved 1048576K
}
Event: 3.110 GC heap before
{Heap before GC invocations=7 (full 1):
 PSYoungGen      total 90112K, used 90111K [0x00000000d5e00000, 0x00000000e1900000, 0x0000000100000000)
  eden space 84992K, 100% used [0x00000000d5e00000,0x00000000db100000,0x00000000db100000)
  from space 5120K, 99% used [0x00000000de000000,0x00000000de4ffd88,0x00000000de500000)
  to   space 53248K, 0% used [0x00000000de500000,0x00000000de500000,0x00000000e1900000)
 ParOldGen       total 171520K, used 107456K [0x0000000081a00000, 0x000000008c180000, 0x00000000d5e00000)
  object space 171520K, 62% used [0x0000000081a00000,0x00000000882f0368,0x000000008c180000)
 Metaspace       used 4004K, capacity 5296K, committed 5376K, reserved 1056768K
  class space    used 408K, capacity 488K, committed 512K, reserved 1048576K
Event: 3.118 GC heap after
Heap after GC invocations=7 (full 1):
 PSYoungGen      total 138240K, used 7967K [0x00000000d5e00000, 0x00000000e1900000, 0x0000000100000000)
  eden space 84992K, 0% used [0x00000000d5e00000,0x00000000d5e00000,0x00000000db100000)
  from space 53248K, 14% used [0x00000000de500000,0x00000000decc7d88,0x00000000e1900000)
  to   space 5120K, 0% used [0x00000000de000000,0x00000000de000000,0x00000000de500000)
 ParOldGen       total 171520K, used 107456K [0x0000000081a00000, 0x000000008c180000, 0x00000000d5e00000)
  object space 171520K, 62% used [0x0000000081a00000,0x00000000882f0368,0x000000008c180000)
 Metaspace       used 4004K, capacity 5296K, committed 5376K, reserved 1056768K
  class space    used 408K, capacity 488K, committed 512K, reserved 1048576K
}

Deoptimization events (10 events):
Event: 1.926 Thread 0x0000000002c82800 Uncommon trap: reason=class_check action=maybe_recompile pc=0x0000000002f0ddc8 method=java.io.BufferedInputStream.read([BII)I @ 101
Event: 2.017 Thread 0x0000000002c82800 Uncommon trap: reason=unstable_if action=reinterpret pc=0x000000000301e9b4 method=java.lang.String.lastIndexOf([CII[CIII)I @ 66
Event: 2.034 Thread 0x0000000002c82800 Uncommon trap: reason=unstable_if action=reinterpret pc=0x0000000002f1a4cc method=java.lang.String.replace(CC)Ljava/lang/String; @ 26
Event: 2.084 Thread 0x0000000002c82800 Uncommon trap: reason=unstable_if action=reinterpret pc=0x00000000030bb268 method=org.apache.bcel.classfile.AccessFlags.isSynthetic()Z @ 8
Event: 2.096 Thread 0x0000000002c82800 Uncommon trap: reason=bimorphic action=maybe_recompile pc=0x0000000002f9fc8c method=java.util.HashMap.getNode(ILjava/lang/Object;)Ljava/util/HashMap$Node; @ 59
Event: 2.183 Thread 0x0000000002c82800 Uncommon trap: reason=unstable_if action=reinterpret pc=0x00000000030d11d0 method=com.telerik.metadata.ClassUtil.isPrimitive(Lcom/telerik/metadata/desc/TypeDescriptor;)Z @ 17
Event: 2.293 Thread 0x0000000002c82800 Uncommon trap: reason=bimorphic action=maybe_recompile pc=0x0000000002f9fc8c method=java.util.HashMap.getNode(ILjava/lang/Object;)Ljava/util/HashMap$Node; @ 59
Event: 2.559 Thread 0x0000000002c82800 Uncommon trap: reason=bimorphic action=maybe_recompile pc=0x0000000002f9fc8c method=java.util.HashMap.getNode(ILjava/lang/Object;)Ljava/util/HashMap$Node; @ 59
Event: 2.656 Thread 0x0000000002c82800 Uncommon trap: reason=null_check action=make_not_entrant pc=0x0000000003109ce8 method=com.telerik.metadata.ClassRepo.findClass(Ljava/lang/String;)Lcom/telerik/metadata/desc/ClassDescriptor; @ 40
Event: 2.702 Thread 0x0000000002c82800 Uncommon trap: reason=bimorphic action=maybe_recompile pc=0x0000000002f9fc8c method=java.util.HashMap.getNode(ILjava/lang/Object;)Ljava/util/HashMap$Node; @ 59

Classes redefined (0 events):
No events

Internal exceptions (7 events):
Event: 0.089 Thread 0x0000000002c82800 Exception <a 'java/lang/NoSuchMethodError': Method sun.misc.Unsafe.defineClass(Ljava/lang/String;[BII)Ljava/lang/Class; name or signature does not match> (0x00000000d5e07cb8) thrown at [C:\re\workspace\8-2-build-windows-amd64-cygwin\jdk8u221\13320\hotspot
Event: 0.089 Thread 0x0000000002c82800 Exception <a 'java/lang/NoSuchMethodError': Method sun.misc.Unsafe.prefetchRead(Ljava/lang/Object;J)V name or signature does not match> (0x00000000d5e07fa0) thrown at [C:\re\workspace\8-2-build-windows-amd64-cygwin\jdk8u221\13320\hotspot\src\share\vm\prim
Event: 0.346 Thread 0x0000000002c82800 Exception <a 'java/util/zip/ZipException'> (0x00000000d60c79b8) thrown at [C:\re\workspace\8-2-build-windows-amd64-cygwin\jdk8u221\13320\hotspot\src\share\vm\prims\jni.cpp, line 710]
Event: 0.944 Thread 0x0000000002c82800 Implicit null exception at 0x0000000002fdefa2 to 0x0000000002fe0589
Event: 0.944 Thread 0x0000000002c82800 Implicit null exception at 0x0000000002fd01e1 to 0x0000000002fd06d1
Event: 0.948 Thread 0x0000000002c82800 Implicit null exception at 0x0000000002fcf585 to 0x0000000002fcfa41
Event: 0.957 Thread 0x0000000002c82800 Implicit null exception at 0x0000000002fb2d9c to 0x0000000002fb3349

Events (10 events):
Event: 2.559 Thread 0x0000000002c82800 DEOPT PACKING pc=0x0000000002f9fc8c sp=0x0000000002bef1c0
Event: 2.559 Thread 0x0000000002c82800 DEOPT UNPACKING pc=0x0000000002dc583b sp=0x0000000002bef130 mode 2
Event: 2.656 Thread 0x0000000002c82800 Uncommon trap: trap_request=0xfffffff4 fr.pc=0x0000000003109ce8
Event: 2.656 Thread 0x0000000002c82800 DEOPT PACKING pc=0x0000000003109ce8 sp=0x0000000002bef4b0
Event: 2.656 Thread 0x0000000002c82800 DEOPT UNPACKING pc=0x0000000002dc583b sp=0x0000000002bef410 mode 2
Event: 2.702 Thread 0x0000000002c82800 Uncommon trap: trap_request=0xffffffc6 fr.pc=0x0000000002f9fc8c
Event: 2.702 Thread 0x0000000002c82800 DEOPT PACKING pc=0x0000000002f9fc8c sp=0x0000000002bef1c0
Event: 2.702 Thread 0x0000000002c82800 DEOPT UNPACKING pc=0x0000000002dc583b sp=0x0000000002bef130 mode 2
Event: 3.110 Executing VM operation: ParallelGCFailedAllocation
Event: 3.118 Executing VM operation: ParallelGCFailedAllocation done


Dynamic libraries:
0x00007ff715db0000 - 0x00007ff715de7000 	C:\Program Files\Java\jdk1.8.0_221\bin\java.exe
0x00007ff950500000 - 0x00007ff9506f0000 	C:\WINDOWS\SYSTEM32\ntdll.dll
0x00007ff94eb40000 - 0x00007ff94ebf2000 	C:\WINDOWS\System32\KERNEL32.DLL
0x00007ff94e300000 - 0x00007ff94e5a3000 	C:\WINDOWS\System32\KERNELBASE.dll
0x00007ff94f1c0000 - 0x00007ff94f263000 	C:\WINDOWS\System32\ADVAPI32.dll
0x00007ff9502c0000 - 0x00007ff95035e000 	C:\WINDOWS\System32\msvcrt.dll
0x00007ff94e5b0000 - 0x00007ff94e647000 	C:\WINDOWS\System32\sechost.dll
0x00007ff9501a0000 - 0x00007ff9502c0000 	C:\WINDOWS\System32\RPCRT4.dll
0x00007ff950000000 - 0x00007ff950193000 	C:\WINDOWS\System32\USER32.dll
0x00007ff94d630000 - 0x00007ff94d651000 	C:\WINDOWS\System32\win32u.dll
0x00007ff94f4b0000 - 0x00007ff94f4d6000 	C:\WINDOWS\System32\GDI32.dll
0x00007ff94e000000 - 0x00007ff94e194000 	C:\WINDOWS\System32\gdi32full.dll
0x00007ff94d590000 - 0x00007ff94d62e000 	C:\WINDOWS\System32\msvcp_win.dll
0x00007ff94d490000 - 0x00007ff94d58a000 	C:\WINDOWS\System32\ucrtbase.dll
0x00007ff94c970000 - 0x00007ff94cbf5000 	C:\WINDOWS\WinSxS\amd64_microsoft.windows.common-controls_6595b64144ccf1df_6.0.18362.356_none_e6c4af7d130f27cc\COMCTL32.dll
0x00007ff94e800000 - 0x00007ff94eb36000 	C:\WINDOWS\System32\combase.dll
0x00007ff94e250000 - 0x00007ff94e2d0000 	C:\WINDOWS\System32\bcryptPrimitives.dll
0x00007ff94f4e0000 - 0x00007ff94f50e000 	C:\WINDOWS\System32\IMM32.DLL
0x0000000059690000 - 0x0000000059762000 	C:\Program Files\Java\jdk1.8.0_221\jre\bin\msvcr100.dll
0x0000000058de0000 - 0x0000000059685000 	C:\Program Files\Java\jdk1.8.0_221\jre\bin\server\jvm.dll
0x00007ff94f670000 - 0x00007ff94f678000 	C:\WINDOWS\System32\PSAPI.DLL
0x00007ff94a980000 - 0x00007ff94a9a4000 	C:\WINDOWS\SYSTEM32\WINMM.dll
0x00007ff92e930000 - 0x00007ff92e939000 	C:\WINDOWS\SYSTEM32\WSOCK32.dll
0x00007ff947700000 - 0x00007ff94770a000 	C:\WINDOWS\SYSTEM32\VERSION.dll
0x00007ff94ec00000 - 0x00007ff94ec6f000 	C:\WINDOWS\System32\WS2_32.dll
0x00007ff94a950000 - 0x00007ff94a97d000 	C:\WINDOWS\SYSTEM32\winmmbase.dll
0x00007ff94dfb0000 - 0x00007ff94dffa000 	C:\WINDOWS\System32\cfgmgr32.dll
0x00007ff92c250000 - 0x00007ff92c25f000 	C:\Program Files\Java\jdk1.8.0_221\jre\bin\verify.dll
0x00007ff8fcbc0000 - 0x00007ff8fcbe9000 	C:\Program Files\Java\jdk1.8.0_221\jre\bin\java.dll
0x00007ff8fd010000 - 0x00007ff8fd026000 	C:\Program Files\Java\jdk1.8.0_221\jre\bin\zip.dll
0x00007ff94f830000 - 0x00007ff94ff15000 	C:\WINDOWS\System32\SHELL32.dll
0x00007ff950360000 - 0x00007ff950409000 	C:\WINDOWS\System32\shcore.dll
0x00007ff94d660000 - 0x00007ff94ddde000 	C:\WINDOWS\System32\windows.storage.dll
0x00007ff94d470000 - 0x00007ff94d48f000 	C:\WINDOWS\System32\profapi.dll
0x00007ff94d3e0000 - 0x00007ff94d42a000 	C:\WINDOWS\System32\powrprof.dll
0x00007ff94d3d0000 - 0x00007ff94d3e0000 	C:\WINDOWS\System32\UMPDC.dll
0x00007ff94ffa0000 - 0x00007ff94fff2000 	C:\WINDOWS\System32\shlwapi.dll
0x00007ff94d430000 - 0x00007ff94d441000 	C:\WINDOWS\System32\kernel.appcore.dll
0x00007ff94df90000 - 0x00007ff94dfa7000 	C:\WINDOWS\System32\cryptsp.dll

VM Arguments:
jvm_args: -Dfile.encoding=x-windows-874 -Duser.country=US -Duser.language=en -Duser.variant 
java_command: android-metadata-generator.jar
java_class_path (initial): android-metadata-generator.jar
Launcher Type: SUN_STANDARD

Environment Variables:
JAVA_HOME=C:\Program Files\Java\jdk1.8.0_221
CLASSPATH=D:\project\AOT\platforms\android\\gradle\wrapper\gradle-wrapper.jar
PATH=C:\Program Files (x86)\Common Files\Oracle\Java\javapath;C:\ProgramData\Oracle\Java\javapath;C:\Program Files\Python37\Scripts\;C:\Program Files\Python37\;C:\Windows\system32;C:\Windows;C:\Windows\System32\Wbem;C:\Windows\System32\WindowsPowerShell\v1.0\;C:\Windows\System32\OpenSSH\;C:\Program Files (x86)\Microsoft SQL Server\100\Tools\Binn\;C:\Program Files\Microsoft SQL Server\100\Tools\Binn\;C:\Program Files\Microsoft SQL Server\100\DTS\Binn\;C:\Program Files (x86)\NVIDIA Corporation\PhysX\Common;C:\Program Files\nodejs\;D:\android-sdk\platform-tools;C:\Users\Coca Cola\AppData\Local\Programs\Python\Python37-32;C:\Program Files\Git\cmd;C:\Program Files\PuTTY\;C:\Program Files\Microsoft SQL Server\110\DTS\Binn\;C:\Program Files (x86)\Microsoft SQL Server\110\Tools\Binn\;C:\Program Files\Microsoft SQL Server\110\Tools\Binn\;C:\Program Files (x86)\Microsoft SQL Server\110\Tools\Binn\ManagementStudio\;C:\Program Files (x86)\Microsoft SQL Server\110\DTS\Binn\;C:\Program Files\Java\jdk1.8.0_221\bin;D:\android-sdk\tools\bin;C:\WINDOWS\system32;C:\WINDOWS;C:\WINDOWS\System32\Wbem;C:\WINDOWS\System32\WindowsPowerShell\v1.0\;C:\WINDOWS\System32\OpenSSH\;C:\Program Files (x86)\Tesseract-OCR;C:\Users\Coca Cola\AppData\Local\Programs\Python\Python37-32\Scripts\;C:\Users\Coca Cola\AppData\Local\Programs\Python\Python37-32\;C:\Users\Coca Cola\AppData\Local\Microsoft\WindowsApps;C:\Program Files (x86)\mongodb-win32-x86_64-2008plus-ssl-4.0.4\bin;C:\xampp\php;C:\instantclient_12_1;C:\Users\Coca Cola\AppData\Roaming\npm;C:\Program Files\Java\jdk1.8.0_121\bin;C:\Users\Coca Cola\AppData\Local\Programs\Microsoft VS Code\bin
USERNAME=Coca Cola
LD_LIBRARY_PATH=C:\instantclient_12_1
OS=Windows_NT
PROCESSOR_IDENTIFIER=Intel64 Family 6 Model 60 Stepping 3, GenuineIntel



---------------  S Y S T E M  ---------------

OS: Windows 10.0 , 64 bit Build 18362 (10.0.18362.329)

CPU:total 8 (initial active 8) (4 cores per cpu, 2 threads per core) family 6 model 60 stepping 3, cmov, cx8, fxsr, mmx, sse, sse2, sse3, ssse3, sse4.1, sse4.2, popcnt, avx, avx2, aes, clmul, erms, lzcnt, ht, tsc, tscinvbit, bmi1, bmi2

Memory: 4k page, physical 8274980k(448376k free), swap 33440804k(5700k free)

vm_info: Java HotSpot(TM) 64-Bit Server VM (25.221-b11) for windows-amd64 JRE (1.8.0_221-b11), built on Jul  4 2019 04:39:29 by "java_re" with MS VC++ 10.0 (VS2010)

time: Sun Sep 22 02:56:46 2019
timezone: SE Asia Standard Time
elapsed time: 4 seconds (0d 0h 0m 4s)

